2017-10-22 07:16:22,435 WARN org.apache.hadoop.util.NativeCodeLoader: Unable to load native-hadoop library for your platform... using builtin-java classes where applicable
2017-10-22 07:16:22,788 INFO org.apache.hadoop.conf.Configuration.deprecation: session.id is deprecated. Instead, use dfs.metrics.session-id
2017-10-22 07:16:22,789 INFO org.apache.hadoop.metrics.jvm.JvmMetrics: Initializing JVM Metrics with processName=JobTracker, sessionId=
2017-10-22 07:16:22,955 WARN org.apache.hadoop.mapreduce.JobResourceUploader: No job jar file set.  User classes may not be found. See Job or Job#setJar(String).
2017-10-22 07:16:22,986 INFO org.apache.hadoop.mapreduce.lib.input.FileInputFormat: Total input paths to process : 7
2017-10-22 07:16:23,030 INFO org.apache.hadoop.mapreduce.JobSubmitter: number of splits:7
2017-10-22 07:16:23,191 INFO org.apache.hadoop.mapreduce.JobSubmitter: Submitting tokens for job: job_local482375524_0001
2017-10-22 07:16:23,338 INFO org.apache.hadoop.mapreduce.Job: The url to track the job: http://localhost:8080/
2017-10-22 07:16:23,338 INFO org.apache.hadoop.mapreduce.Job: Running job: job_local482375524_0001
2017-10-22 07:16:23,343 INFO org.apache.hadoop.mapred.LocalJobRunner: OutputCommitter set in config null
2017-10-22 07:16:23,348 INFO org.apache.hadoop.mapreduce.lib.output.FileOutputCommitter: File Output Committer Algorithm version is 1
2017-10-22 07:16:23,348 INFO org.apache.hadoop.mapreduce.lib.output.FileOutputCommitter: FileOutputCommitter skip cleanup _temporary folders under output directory:false, ignore cleanup failures: false
2017-10-22 07:16:23,349 INFO org.apache.hadoop.mapred.LocalJobRunner: OutputCommitter is org.apache.hadoop.mapreduce.lib.output.FileOutputCommitter
2017-10-22 07:16:23,390 INFO org.apache.hadoop.mapred.LocalJobRunner: Waiting for map tasks
2017-10-22 07:16:23,390 INFO org.apache.hadoop.mapred.LocalJobRunner: Starting task: attempt_local482375524_0001_m_000000_0
2017-10-22 07:16:23,417 INFO org.apache.hadoop.mapreduce.lib.output.FileOutputCommitter: File Output Committer Algorithm version is 1
2017-10-22 07:16:23,417 INFO org.apache.hadoop.mapreduce.lib.output.FileOutputCommitter: FileOutputCommitter skip cleanup _temporary folders under output directory:false, ignore cleanup failures: false
2017-10-22 07:16:23,428 INFO org.apache.hadoop.mapred.Task:  Using ResourceCalculatorProcessTree : [ ]
2017-10-22 07:16:23,431 INFO org.apache.hadoop.mapred.MapTask: Processing split: file:/home/cloudera/workspace/CS562Assignment1/files/pg3200.txt:0+15711661
2017-10-22 07:16:23,456 INFO org.apache.hadoop.mapred.MapTask: (EQUATOR) 0 kvi 26214396(104857584)
2017-10-22 07:16:23,457 INFO org.apache.hadoop.mapred.MapTask: mapreduce.task.io.sort.mb: 100
2017-10-22 07:16:23,457 INFO org.apache.hadoop.mapred.MapTask: soft limit at 83886080
2017-10-22 07:16:23,457 INFO org.apache.hadoop.mapred.MapTask: bufstart = 0; bufvoid = 104857600
2017-10-22 07:16:23,457 INFO org.apache.hadoop.mapred.MapTask: kvstart = 26214396; length = 6553600
2017-10-22 07:16:23,462 INFO org.apache.hadoop.mapred.MapTask: Map output collector class = org.apache.hadoop.mapred.MapTask$MapOutputBuffer
2017-10-22 07:16:24,346 INFO org.apache.hadoop.mapreduce.Job: Job job_local482375524_0001 running in uber mode : false
2017-10-22 07:16:24,348 INFO org.apache.hadoop.mapreduce.Job:  map 0% reduce 0%
2017-10-22 07:16:27,224 INFO org.apache.hadoop.mapred.LocalJobRunner: 
2017-10-22 07:16:27,225 INFO org.apache.hadoop.mapred.MapTask: Starting flush of map output
2017-10-22 07:16:27,225 INFO org.apache.hadoop.mapred.MapTask: Spilling map output
2017-10-22 07:16:27,225 INFO org.apache.hadoop.mapred.MapTask: bufstart = 0; bufend = 26354840; bufvoid = 104857600
2017-10-22 07:16:27,225 INFO org.apache.hadoop.mapred.MapTask: kvstart = 26214396(104857584); kvend = 14739832(58959328); length = 11474565/6553600
2017-10-22 07:16:30,237 INFO org.apache.hadoop.mapred.MapTask: Finished spill 0
2017-10-22 07:16:30,241 INFO org.apache.hadoop.mapred.Task: Task:attempt_local482375524_0001_m_000000_0 is done. And is in the process of committing
2017-10-22 07:16:30,248 INFO org.apache.hadoop.mapred.LocalJobRunner: map
2017-10-22 07:16:30,248 INFO org.apache.hadoop.mapred.Task: Task 'attempt_local482375524_0001_m_000000_0' done.
2017-10-22 07:16:30,248 INFO org.apache.hadoop.mapred.LocalJobRunner: Finishing task: attempt_local482375524_0001_m_000000_0
2017-10-22 07:16:30,249 INFO org.apache.hadoop.mapred.LocalJobRunner: Starting task: attempt_local482375524_0001_m_000001_0
2017-10-22 07:16:30,250 INFO org.apache.hadoop.mapreduce.lib.output.FileOutputCommitter: File Output Committer Algorithm version is 1
2017-10-22 07:16:30,250 INFO org.apache.hadoop.mapreduce.lib.output.FileOutputCommitter: FileOutputCommitter skip cleanup _temporary folders under output directory:false, ignore cleanup failures: false
2017-10-22 07:16:30,250 INFO org.apache.hadoop.mapred.Task:  Using ResourceCalculatorProcessTree : [ ]
2017-10-22 07:16:30,251 INFO org.apache.hadoop.mapred.MapTask: Processing split: file:/home/cloudera/workspace/CS562Assignment1/files/pg100.txt:0+5465100
2017-10-22 07:16:30,262 INFO org.apache.hadoop.mapred.MapTask: (EQUATOR) 0 kvi 26214396(104857584)
2017-10-22 07:16:30,263 INFO org.apache.hadoop.mapred.MapTask: mapreduce.task.io.sort.mb: 100
2017-10-22 07:16:30,263 INFO org.apache.hadoop.mapred.MapTask: soft limit at 83886080
2017-10-22 07:16:30,263 INFO org.apache.hadoop.mapred.MapTask: bufstart = 0; bufvoid = 104857600
2017-10-22 07:16:30,263 INFO org.apache.hadoop.mapred.MapTask: kvstart = 26214396; length = 6553600
2017-10-22 07:16:30,266 INFO org.apache.hadoop.mapred.MapTask: Map output collector class = org.apache.hadoop.mapred.MapTask$MapOutputBuffer
2017-10-22 07:16:30,371 INFO org.apache.hadoop.mapreduce.Job:  map 100% reduce 0%
2017-10-22 07:16:31,485 INFO org.apache.hadoop.mapred.LocalJobRunner: 
2017-10-22 07:16:31,486 INFO org.apache.hadoop.mapred.MapTask: Starting flush of map output
2017-10-22 07:16:31,488 INFO org.apache.hadoop.mapred.MapTask: Spilling map output
2017-10-22 07:16:31,488 INFO org.apache.hadoop.mapred.MapTask: bufstart = 0; bufend = 8468689; bufvoid = 104857600
2017-10-22 07:16:31,488 INFO org.apache.hadoop.mapred.MapTask: kvstart = 26214396(104857584); kvend = 22484604(89938416); length = 3729793/6553600
2017-10-22 07:16:32,313 INFO org.apache.hadoop.mapred.MapTask: Finished spill 0
2017-10-22 07:16:32,315 INFO org.apache.hadoop.mapred.Task: Task:attempt_local482375524_0001_m_000001_0 is done. And is in the process of committing
2017-10-22 07:16:32,318 INFO org.apache.hadoop.mapred.LocalJobRunner: map
2017-10-22 07:16:32,318 INFO org.apache.hadoop.mapred.Task: Task 'attempt_local482375524_0001_m_000001_0' done.
2017-10-22 07:16:32,318 INFO org.apache.hadoop.mapred.LocalJobRunner: Finishing task: attempt_local482375524_0001_m_000001_0
2017-10-22 07:16:32,318 INFO org.apache.hadoop.mapred.LocalJobRunner: Starting task: attempt_local482375524_0001_m_000002_0
2017-10-22 07:16:32,319 INFO org.apache.hadoop.mapreduce.lib.output.FileOutputCommitter: File Output Committer Algorithm version is 1
2017-10-22 07:16:32,319 INFO org.apache.hadoop.mapreduce.lib.output.FileOutputCommitter: FileOutputCommitter skip cleanup _temporary folders under output directory:false, ignore cleanup failures: false
2017-10-22 07:16:32,320 INFO org.apache.hadoop.mapred.Task:  Using ResourceCalculatorProcessTree : [ ]
2017-10-22 07:16:32,321 INFO org.apache.hadoop.mapred.MapTask: Processing split: file:/home/cloudera/workspace/CS562Assignment1/files/pg2253.txt:0+165832
2017-10-22 07:16:32,332 INFO org.apache.hadoop.mapred.MapTask: (EQUATOR) 0 kvi 26214396(104857584)
2017-10-22 07:16:32,332 INFO org.apache.hadoop.mapred.MapTask: mapreduce.task.io.sort.mb: 100
2017-10-22 07:16:32,333 INFO org.apache.hadoop.mapred.MapTask: soft limit at 83886080
2017-10-22 07:16:32,333 INFO org.apache.hadoop.mapred.MapTask: bufstart = 0; bufvoid = 104857600
2017-10-22 07:16:32,333 INFO org.apache.hadoop.mapred.MapTask: kvstart = 26214396; length = 6553600
2017-10-22 07:16:32,334 INFO org.apache.hadoop.mapred.MapTask: Map output collector class = org.apache.hadoop.mapred.MapTask$MapOutputBuffer
2017-10-22 07:16:32,374 INFO org.apache.hadoop.mapred.LocalJobRunner: 
2017-10-22 07:16:32,375 INFO org.apache.hadoop.mapred.MapTask: Starting flush of map output
2017-10-22 07:16:32,375 INFO org.apache.hadoop.mapred.MapTask: Spilling map output
2017-10-22 07:16:32,375 INFO org.apache.hadoop.mapred.MapTask: bufstart = 0; bufend = 276555; bufvoid = 104857600
2017-10-22 07:16:32,375 INFO org.apache.hadoop.mapred.MapTask: kvstart = 26214396(104857584); kvend = 26094296(104377184); length = 120101/6553600
2017-10-22 07:16:32,408 INFO org.apache.hadoop.mapred.MapTask: Finished spill 0
2017-10-22 07:16:32,409 INFO org.apache.hadoop.mapred.Task: Task:attempt_local482375524_0001_m_000002_0 is done. And is in the process of committing
2017-10-22 07:16:32,411 INFO org.apache.hadoop.mapred.LocalJobRunner: map
2017-10-22 07:16:32,411 INFO org.apache.hadoop.mapred.Task: Task 'attempt_local482375524_0001_m_000002_0' done.
2017-10-22 07:16:32,411 INFO org.apache.hadoop.mapred.LocalJobRunner: Finishing task: attempt_local482375524_0001_m_000002_0
2017-10-22 07:16:32,412 INFO org.apache.hadoop.mapred.LocalJobRunner: Starting task: attempt_local482375524_0001_m_000003_0
2017-10-22 07:16:32,412 INFO org.apache.hadoop.mapreduce.lib.output.FileOutputCommitter: File Output Committer Algorithm version is 1
2017-10-22 07:16:32,413 INFO org.apache.hadoop.mapreduce.lib.output.FileOutputCommitter: FileOutputCommitter skip cleanup _temporary folders under output directory:false, ignore cleanup failures: false
2017-10-22 07:16:32,413 INFO org.apache.hadoop.mapred.Task:  Using ResourceCalculatorProcessTree : [ ]
2017-10-22 07:16:32,414 INFO org.apache.hadoop.mapred.MapTask: Processing split: file:/home/cloudera/workspace/CS562Assignment1/files/pg1513.txt:0+153803
2017-10-22 07:16:32,431 INFO org.apache.hadoop.mapred.MapTask: (EQUATOR) 0 kvi 26214396(104857584)
2017-10-22 07:16:32,433 INFO org.apache.hadoop.mapred.MapTask: mapreduce.task.io.sort.mb: 100
2017-10-22 07:16:32,434 INFO org.apache.hadoop.mapred.MapTask: soft limit at 83886080
2017-10-22 07:16:32,435 INFO org.apache.hadoop.mapred.MapTask: bufstart = 0; bufvoid = 104857600
2017-10-22 07:16:32,435 INFO org.apache.hadoop.mapred.MapTask: kvstart = 26214396; length = 6553600
2017-10-22 07:16:32,436 INFO org.apache.hadoop.mapred.MapTask: Map output collector class = org.apache.hadoop.mapred.MapTask$MapOutputBuffer
2017-10-22 07:16:32,478 INFO org.apache.hadoop.mapred.LocalJobRunner: 
2017-10-22 07:16:32,479 INFO org.apache.hadoop.mapred.MapTask: Starting flush of map output
2017-10-22 07:16:32,479 INFO org.apache.hadoop.mapred.MapTask: Spilling map output
2017-10-22 07:16:32,479 INFO org.apache.hadoop.mapred.MapTask: bufstart = 0; bufend = 259426; bufvoid = 104857600
2017-10-22 07:16:32,479 INFO org.apache.hadoop.mapred.MapTask: kvstart = 26214396(104857584); kvend = 26099120(104396480); length = 115277/6553600
2017-10-22 07:16:32,504 INFO org.apache.hadoop.mapred.MapTask: Finished spill 0
2017-10-22 07:16:32,506 INFO org.apache.hadoop.mapred.Task: Task:attempt_local482375524_0001_m_000003_0 is done. And is in the process of committing
2017-10-22 07:16:32,508 INFO org.apache.hadoop.mapred.LocalJobRunner: map
2017-10-22 07:16:32,508 INFO org.apache.hadoop.mapred.Task: Task 'attempt_local482375524_0001_m_000003_0' done.
2017-10-22 07:16:32,508 INFO org.apache.hadoop.mapred.LocalJobRunner: Finishing task: attempt_local482375524_0001_m_000003_0
2017-10-22 07:16:32,508 INFO org.apache.hadoop.mapred.LocalJobRunner: Starting task: attempt_local482375524_0001_m_000004_0
2017-10-22 07:16:32,509 INFO org.apache.hadoop.mapreduce.lib.output.FileOutputCommitter: File Output Committer Algorithm version is 1
2017-10-22 07:16:32,509 INFO org.apache.hadoop.mapreduce.lib.output.FileOutputCommitter: FileOutputCommitter skip cleanup _temporary folders under output directory:false, ignore cleanup failures: false
2017-10-22 07:16:32,510 INFO org.apache.hadoop.mapred.Task:  Using ResourceCalculatorProcessTree : [ ]
2017-10-22 07:16:32,514 INFO org.apache.hadoop.mapred.MapTask: Processing split: file:/home/cloudera/workspace/CS562Assignment1/files/pg1120.txt:0+138259
2017-10-22 07:16:32,529 INFO org.apache.hadoop.mapred.MapTask: (EQUATOR) 0 kvi 26214396(104857584)
2017-10-22 07:16:32,529 INFO org.apache.hadoop.mapred.MapTask: mapreduce.task.io.sort.mb: 100
2017-10-22 07:16:32,529 INFO org.apache.hadoop.mapred.MapTask: soft limit at 83886080
2017-10-22 07:16:32,529 INFO org.apache.hadoop.mapred.MapTask: bufstart = 0; bufvoid = 104857600
2017-10-22 07:16:32,529 INFO org.apache.hadoop.mapred.MapTask: kvstart = 26214396; length = 6553600
2017-10-22 07:16:32,531 INFO org.apache.hadoop.mapred.MapTask: Map output collector class = org.apache.hadoop.mapred.MapTask$MapOutputBuffer
2017-10-22 07:16:32,563 INFO org.apache.hadoop.mapred.LocalJobRunner: 
2017-10-22 07:16:32,563 INFO org.apache.hadoop.mapred.MapTask: Starting flush of map output
2017-10-22 07:16:32,563 INFO org.apache.hadoop.mapred.MapTask: Spilling map output
2017-10-22 07:16:32,563 INFO org.apache.hadoop.mapred.MapTask: bufstart = 0; bufend = 211810; bufvoid = 104857600
2017-10-22 07:16:32,563 INFO org.apache.hadoop.mapred.MapTask: kvstart = 26214396(104857584); kvend = 26122184(104488736); length = 92213/6553600
2017-10-22 07:16:32,580 INFO org.apache.hadoop.mapred.MapTask: Finished spill 0
2017-10-22 07:16:32,582 INFO org.apache.hadoop.mapred.Task: Task:attempt_local482375524_0001_m_000004_0 is done. And is in the process of committing
2017-10-22 07:16:32,584 INFO org.apache.hadoop.mapred.LocalJobRunner: map
2017-10-22 07:16:32,584 INFO org.apache.hadoop.mapred.Task: Task 'attempt_local482375524_0001_m_000004_0' done.
2017-10-22 07:16:32,585 INFO org.apache.hadoop.mapred.LocalJobRunner: Finishing task: attempt_local482375524_0001_m_000004_0
2017-10-22 07:16:32,585 INFO org.apache.hadoop.mapred.LocalJobRunner: Starting task: attempt_local482375524_0001_m_000005_0
2017-10-22 07:16:32,586 INFO org.apache.hadoop.mapreduce.lib.output.FileOutputCommitter: File Output Committer Algorithm version is 1
2017-10-22 07:16:32,586 INFO org.apache.hadoop.mapreduce.lib.output.FileOutputCommitter: FileOutputCommitter skip cleanup _temporary folders under output directory:false, ignore cleanup failures: false
2017-10-22 07:16:32,587 INFO org.apache.hadoop.mapred.Task:  Using ResourceCalculatorProcessTree : [ ]
2017-10-22 07:16:32,588 INFO org.apache.hadoop.mapred.MapTask: Processing split: file:/home/cloudera/workspace/CS562Assignment1/files/pg31100.txt:0+1968
2017-10-22 07:16:32,598 INFO org.apache.hadoop.mapred.MapTask: (EQUATOR) 0 kvi 26214396(104857584)
2017-10-22 07:16:32,599 INFO org.apache.hadoop.mapred.MapTask: mapreduce.task.io.sort.mb: 100
2017-10-22 07:16:32,599 INFO org.apache.hadoop.mapred.MapTask: soft limit at 83886080
2017-10-22 07:16:32,599 INFO org.apache.hadoop.mapred.MapTask: bufstart = 0; bufvoid = 104857600
2017-10-22 07:16:32,599 INFO org.apache.hadoop.mapred.MapTask: kvstart = 26214396; length = 6553600
2017-10-22 07:16:32,600 INFO org.apache.hadoop.mapred.MapTask: Map output collector class = org.apache.hadoop.mapred.MapTask$MapOutputBuffer
2017-10-22 07:16:32,603 INFO org.apache.hadoop.mapred.LocalJobRunner: 
2017-10-22 07:16:32,603 INFO org.apache.hadoop.mapred.MapTask: Starting flush of map output
2017-10-22 07:16:32,603 INFO org.apache.hadoop.mapred.MapTask: Spilling map output
2017-10-22 07:16:32,603 INFO org.apache.hadoop.mapred.MapTask: bufstart = 0; bufend = 3302; bufvoid = 104857600
2017-10-22 07:16:32,603 INFO org.apache.hadoop.mapred.MapTask: kvstart = 26214396(104857584); kvend = 26212988(104851952); length = 1409/6553600
2017-10-22 07:16:32,604 INFO org.apache.hadoop.mapred.MapTask: Finished spill 0
2017-10-22 07:16:32,607 INFO org.apache.hadoop.mapred.Task: Task:attempt_local482375524_0001_m_000005_0 is done. And is in the process of committing
2017-10-22 07:16:32,609 INFO org.apache.hadoop.mapred.LocalJobRunner: map
2017-10-22 07:16:32,609 INFO org.apache.hadoop.mapred.Task: Task 'attempt_local482375524_0001_m_000005_0' done.
2017-10-22 07:16:32,609 INFO org.apache.hadoop.mapred.LocalJobRunner: Finishing task: attempt_local482375524_0001_m_000005_0
2017-10-22 07:16:32,609 INFO org.apache.hadoop.mapred.LocalJobRunner: Starting task: attempt_local482375524_0001_m_000006_0
2017-10-22 07:16:32,610 INFO org.apache.hadoop.mapreduce.lib.output.FileOutputCommitter: File Output Committer Algorithm version is 1
2017-10-22 07:16:32,611 INFO org.apache.hadoop.mapreduce.lib.output.FileOutputCommitter: FileOutputCommitter skip cleanup _temporary folders under output directory:false, ignore cleanup failures: false
2017-10-22 07:16:32,611 INFO org.apache.hadoop.mapred.Task:  Using ResourceCalculatorProcessTree : [ ]
2017-10-22 07:16:32,612 INFO org.apache.hadoop.mapred.MapTask: Processing split: file:/home/cloudera/workspace/CS562Assignment1/files/new file (copy)~:0+0
2017-10-22 07:16:32,627 INFO org.apache.hadoop.mapred.MapTask: (EQUATOR) 0 kvi 26214396(104857584)
2017-10-22 07:16:32,628 INFO org.apache.hadoop.mapred.MapTask: mapreduce.task.io.sort.mb: 100
2017-10-22 07:16:32,628 INFO org.apache.hadoop.mapred.MapTask: soft limit at 83886080
2017-10-22 07:16:32,628 INFO org.apache.hadoop.mapred.MapTask: bufstart = 0; bufvoid = 104857600
2017-10-22 07:16:32,628 INFO org.apache.hadoop.mapred.MapTask: kvstart = 26214396; length = 6553600
2017-10-22 07:16:32,629 INFO org.apache.hadoop.mapred.MapTask: Map output collector class = org.apache.hadoop.mapred.MapTask$MapOutputBuffer
2017-10-22 07:16:32,630 INFO org.apache.hadoop.mapred.LocalJobRunner: 
2017-10-22 07:16:32,630 INFO org.apache.hadoop.mapred.MapTask: Starting flush of map output
2017-10-22 07:16:32,632 INFO org.apache.hadoop.mapred.Task: Task:attempt_local482375524_0001_m_000006_0 is done. And is in the process of committing
2017-10-22 07:16:32,634 INFO org.apache.hadoop.mapred.LocalJobRunner: map
2017-10-22 07:16:32,635 INFO org.apache.hadoop.mapred.Task: Task 'attempt_local482375524_0001_m_000006_0' done.
2017-10-22 07:16:32,635 INFO org.apache.hadoop.mapred.LocalJobRunner: Finishing task: attempt_local482375524_0001_m_000006_0
2017-10-22 07:16:32,635 INFO org.apache.hadoop.mapred.LocalJobRunner: map task executor complete.
2017-10-22 07:16:32,638 INFO org.apache.hadoop.mapred.LocalJobRunner: Waiting for reduce tasks
2017-10-22 07:16:32,638 INFO org.apache.hadoop.mapred.LocalJobRunner: Starting task: attempt_local482375524_0001_r_000000_0
2017-10-22 07:16:32,645 INFO org.apache.hadoop.mapreduce.lib.output.FileOutputCommitter: File Output Committer Algorithm version is 1
2017-10-22 07:16:32,645 INFO org.apache.hadoop.mapreduce.lib.output.FileOutputCommitter: FileOutputCommitter skip cleanup _temporary folders under output directory:false, ignore cleanup failures: false
2017-10-22 07:16:32,645 INFO org.apache.hadoop.mapred.Task:  Using ResourceCalculatorProcessTree : [ ]
2017-10-22 07:16:32,648 INFO org.apache.hadoop.mapred.ReduceTask: Using ShuffleConsumerPlugin: org.apache.hadoop.mapreduce.task.reduce.Shuffle@493efd49
2017-10-22 07:16:32,658 INFO org.apache.hadoop.mapreduce.task.reduce.MergeManagerImpl: MergerManager: memoryLimit=1284138624, maxSingleShuffleLimit=321034656, mergeThreshold=847531520, ioSortFactor=10, memToMemMergeOutputsThreshold=10
2017-10-22 07:16:32,661 INFO org.apache.hadoop.mapreduce.task.reduce.EventFetcher: attempt_local482375524_0001_r_000000_0 Thread started: EventFetcher for fetching Map Completion Events
2017-10-22 07:16:32,687 INFO org.apache.hadoop.mapreduce.task.reduce.LocalFetcher: localfetcher#1 about to shuffle output of map attempt_local482375524_0001_m_000005_0 decomp: 1722 len: 1726 to MEMORY
2017-10-22 07:16:32,690 INFO org.apache.hadoop.mapreduce.task.reduce.InMemoryMapOutput: Read 1722 bytes from map-output for attempt_local482375524_0001_m_000005_0
2017-10-22 07:16:32,691 INFO org.apache.hadoop.mapreduce.task.reduce.MergeManagerImpl: closeInMemoryFile -> map-output of size: 1722, inMemoryMapOutputs.size() -> 1, commitMemory -> 0, usedMemory ->1722
2017-10-22 07:16:32,693 INFO org.apache.hadoop.mapreduce.task.reduce.LocalFetcher: localfetcher#1 about to shuffle output of map attempt_local482375524_0001_m_000002_0 decomp: 70189 len: 70193 to MEMORY
2017-10-22 07:16:32,694 INFO org.apache.hadoop.mapreduce.task.reduce.InMemoryMapOutput: Read 70189 bytes from map-output for attempt_local482375524_0001_m_000002_0
2017-10-22 07:16:32,694 INFO org.apache.hadoop.mapreduce.task.reduce.MergeManagerImpl: closeInMemoryFile -> map-output of size: 70189, inMemoryMapOutputs.size() -> 2, commitMemory -> 1722, usedMemory ->71911
2017-10-22 07:16:32,695 INFO org.apache.hadoop.mapreduce.task.reduce.LocalFetcher: localfetcher#1 about to shuffle output of map attempt_local482375524_0001_m_000006_0 decomp: 2 len: 6 to MEMORY
2017-10-22 07:16:32,696 INFO org.apache.hadoop.mapreduce.task.reduce.InMemoryMapOutput: Read 2 bytes from map-output for attempt_local482375524_0001_m_000006_0
2017-10-22 07:16:32,696 INFO org.apache.hadoop.mapreduce.task.reduce.MergeManagerImpl: closeInMemoryFile -> map-output of size: 2, inMemoryMapOutputs.size() -> 3, commitMemory -> 71911, usedMemory ->71913
2017-10-22 07:16:32,697 INFO org.apache.hadoop.mapreduce.task.reduce.LocalFetcher: localfetcher#1 about to shuffle output of map attempt_local482375524_0001_m_000001_0 decomp: 335271 len: 335275 to MEMORY
2017-10-22 07:16:32,698 INFO org.apache.hadoop.mapreduce.task.reduce.InMemoryMapOutput: Read 335271 bytes from map-output for attempt_local482375524_0001_m_000001_0
2017-10-22 07:16:32,698 INFO org.apache.hadoop.mapreduce.task.reduce.MergeManagerImpl: closeInMemoryFile -> map-output of size: 335271, inMemoryMapOutputs.size() -> 4, commitMemory -> 71913, usedMemory ->407184
2017-10-22 07:16:32,700 INFO org.apache.hadoop.mapreduce.task.reduce.LocalFetcher: localfetcher#1 about to shuffle output of map attempt_local482375524_0001_m_000004_0 decomp: 40820 len: 40824 to MEMORY
2017-10-22 07:16:32,700 INFO org.apache.hadoop.mapreduce.task.reduce.InMemoryMapOutput: Read 40820 bytes from map-output for attempt_local482375524_0001_m_000004_0
2017-10-22 07:16:32,700 INFO org.apache.hadoop.mapreduce.task.reduce.MergeManagerImpl: closeInMemoryFile -> map-output of size: 40820, inMemoryMapOutputs.size() -> 5, commitMemory -> 407184, usedMemory ->448004
2017-10-22 07:16:32,701 INFO org.apache.hadoop.mapreduce.task.reduce.LocalFetcher: localfetcher#1 about to shuffle output of map attempt_local482375524_0001_m_000000_0 decomp: 676765 len: 676769 to MEMORY
2017-10-22 07:16:32,703 INFO org.apache.hadoop.mapreduce.task.reduce.InMemoryMapOutput: Read 676765 bytes from map-output for attempt_local482375524_0001_m_000000_0
2017-10-22 07:16:32,703 INFO org.apache.hadoop.mapreduce.task.reduce.MergeManagerImpl: closeInMemoryFile -> map-output of size: 676765, inMemoryMapOutputs.size() -> 6, commitMemory -> 448004, usedMemory ->1124769
2017-10-22 07:16:32,704 INFO org.apache.hadoop.mapreduce.task.reduce.LocalFetcher: localfetcher#1 about to shuffle output of map attempt_local482375524_0001_m_000003_0 decomp: 51654 len: 51658 to MEMORY
2017-10-22 07:16:32,705 INFO org.apache.hadoop.mapreduce.task.reduce.InMemoryMapOutput: Read 51654 bytes from map-output for attempt_local482375524_0001_m_000003_0
2017-10-22 07:16:32,705 INFO org.apache.hadoop.mapreduce.task.reduce.MergeManagerImpl: closeInMemoryFile -> map-output of size: 51654, inMemoryMapOutputs.size() -> 7, commitMemory -> 1124769, usedMemory ->1176423
2017-10-22 07:16:32,706 INFO org.apache.hadoop.mapreduce.task.reduce.EventFetcher: EventFetcher is interrupted.. Returning
2017-10-22 07:16:32,707 INFO org.apache.hadoop.mapred.LocalJobRunner: 7 / 7 copied.
2017-10-22 07:16:32,707 INFO org.apache.hadoop.mapreduce.task.reduce.MergeManagerImpl: finalMerge called with 7 in-memory map-outputs and 0 on-disk map-outputs
2017-10-22 07:16:32,713 INFO org.apache.hadoop.mapred.Merger: Merging 7 sorted segments
2017-10-22 07:16:32,714 INFO org.apache.hadoop.mapred.Merger: Down to the last merge-pass, with 6 segments left of total size: 1176397 bytes
2017-10-22 07:16:32,833 INFO org.apache.hadoop.mapreduce.task.reduce.MergeManagerImpl: Merged 7 segments, 1176423 bytes to disk to satisfy reduce memory limit
2017-10-22 07:16:32,834 INFO org.apache.hadoop.mapreduce.task.reduce.MergeManagerImpl: Merging 1 files, 1176415 bytes from disk
2017-10-22 07:16:32,835 INFO org.apache.hadoop.mapreduce.task.reduce.MergeManagerImpl: Merging 0 segments, 0 bytes from memory into reduce
2017-10-22 07:16:32,835 INFO org.apache.hadoop.mapred.Merger: Merging 1 sorted segments
2017-10-22 07:16:32,835 INFO org.apache.hadoop.mapred.Merger: Down to the last merge-pass, with 1 segments left of total size: 1176407 bytes
2017-10-22 07:16:32,836 INFO org.apache.hadoop.mapred.LocalJobRunner: 7 / 7 copied.
2017-10-22 07:16:32,845 INFO org.apache.hadoop.conf.Configuration.deprecation: mapred.skip.on is deprecated. Instead, use mapreduce.job.skiprecords
2017-10-22 07:16:33,046 INFO org.apache.hadoop.mapred.Task: Task:attempt_local482375524_0001_r_000000_0 is done. And is in the process of committing
2017-10-22 07:16:33,048 INFO org.apache.hadoop.mapred.LocalJobRunner: 7 / 7 copied.
2017-10-22 07:16:33,048 INFO org.apache.hadoop.mapred.Task: Task attempt_local482375524_0001_r_000000_0 is allowed to commit now
2017-10-22 07:16:33,049 INFO org.apache.hadoop.mapreduce.lib.output.FileOutputCommitter: Saved output of task 'attempt_local482375524_0001_r_000000_0' to file:/home/cloudera/workspace/CS562Assignment1/ex1output/_temporary/0/task_local482375524_0001_r_000000
2017-10-22 07:16:33,050 INFO org.apache.hadoop.mapred.LocalJobRunner: reduce > reduce
2017-10-22 07:16:33,050 INFO org.apache.hadoop.mapred.Task: Task 'attempt_local482375524_0001_r_000000_0' done.
2017-10-22 07:16:33,050 INFO org.apache.hadoop.mapred.LocalJobRunner: Finishing task: attempt_local482375524_0001_r_000000_0
2017-10-22 07:16:33,050 INFO org.apache.hadoop.mapred.LocalJobRunner: reduce task executor complete.
2017-10-22 07:16:33,375 INFO org.apache.hadoop.mapreduce.Job:  map 100% reduce 100%
2017-10-22 07:16:33,376 INFO org.apache.hadoop.mapreduce.Job: Job job_local482375524_0001 completed successfully
2017-10-22 07:16:33,395 INFO org.apache.hadoop.mapreduce.Job: Counters: 30
	File System Counters
		FILE: Number of bytes read=168653840
		FILE: Number of bytes written=12780522
		FILE: Number of read operations=0
		FILE: Number of large read operations=0
		FILE: Number of write operations=0
	Map-Reduce Framework
		Map input records=440484
		Map output records=3883344
		Map output bytes=35574622
		Map output materialized bytes=1176451
		Input split bytes=902
		Combine input records=3883344
		Combine output records=82210
		Reduce input groups=56011
		Reduce shuffle bytes=1176451
		Reduce input records=82210
		Reduce output records=56011
		Spilled Records=164420
		Shuffled Maps =7
		Failed Shuffles=0
		Merged Map outputs=7
		GC time elapsed (ms)=199
		Total committed heap usage (bytes)=7358906368
	Shuffle Errors
		BAD_ID=0
		CONNECTION=0
		IO_ERROR=0
		WRONG_LENGTH=0
		WRONG_MAP=0
		WRONG_REDUCE=0
	File Input Format Counters 
		Bytes Read=21636623
	File Output Format Counters 
		Bytes Written=620728
2017-10-22 07:16:33,396 INFO exercise1.StopWords: Time elapsed: 10.627825884sec
2017-10-22 07:16:33,421 INFO org.apache.hadoop.metrics.jvm.JvmMetrics: Cannot initialize JVM Metrics with processName=JobTracker, sessionId= - already initialized
2017-10-22 07:16:33,435 WARN org.apache.hadoop.mapreduce.JobResourceUploader: No job jar file set.  User classes may not be found. See Job or Job#setJar(String).
2017-10-22 07:16:33,436 INFO org.apache.hadoop.mapreduce.lib.input.FileInputFormat: Total input paths to process : 1
2017-10-22 07:16:33,465 INFO org.apache.hadoop.mapreduce.JobSubmitter: number of splits:1
2017-10-22 07:16:33,491 INFO org.apache.hadoop.mapreduce.JobSubmitter: Submitting tokens for job: job_local213868972_0002
2017-10-22 07:16:33,567 INFO org.apache.hadoop.mapreduce.Job: The url to track the job: http://localhost:8080/
2017-10-22 07:16:33,571 INFO org.apache.hadoop.mapred.LocalJobRunner: OutputCommitter set in config null
2017-10-22 07:16:33,572 INFO org.apache.hadoop.mapreduce.Job: Running job: job_local213868972_0002
2017-10-22 07:16:33,573 INFO org.apache.hadoop.mapreduce.lib.output.FileOutputCommitter: File Output Committer Algorithm version is 1
2017-10-22 07:16:33,573 INFO org.apache.hadoop.mapreduce.lib.output.FileOutputCommitter: FileOutputCommitter skip cleanup _temporary folders under output directory:false, ignore cleanup failures: false
2017-10-22 07:16:33,574 INFO org.apache.hadoop.mapred.LocalJobRunner: OutputCommitter is org.apache.hadoop.mapreduce.lib.output.FileOutputCommitter
2017-10-22 07:16:33,577 INFO org.apache.hadoop.mapred.LocalJobRunner: Waiting for map tasks
2017-10-22 07:16:33,577 INFO org.apache.hadoop.mapred.LocalJobRunner: Starting task: attempt_local213868972_0002_m_000000_0
2017-10-22 07:16:33,578 INFO org.apache.hadoop.mapreduce.lib.output.FileOutputCommitter: File Output Committer Algorithm version is 1
2017-10-22 07:16:33,579 INFO org.apache.hadoop.mapreduce.lib.output.FileOutputCommitter: FileOutputCommitter skip cleanup _temporary folders under output directory:false, ignore cleanup failures: false
2017-10-22 07:16:33,580 INFO org.apache.hadoop.mapred.Task:  Using ResourceCalculatorProcessTree : [ ]
2017-10-22 07:16:33,581 INFO org.apache.hadoop.mapred.MapTask: Processing split: file:/home/cloudera/workspace/CS562Assignment1/ex1output/part-r-00000:0+615908
2017-10-22 07:16:33,597 INFO org.apache.hadoop.mapred.MapTask: (EQUATOR) 0 kvi 26214396(104857584)
2017-10-22 07:16:33,598 INFO org.apache.hadoop.mapred.MapTask: mapreduce.task.io.sort.mb: 100
2017-10-22 07:16:33,598 INFO org.apache.hadoop.mapred.MapTask: soft limit at 83886080
2017-10-22 07:16:33,598 INFO org.apache.hadoop.mapred.MapTask: bufstart = 0; bufvoid = 104857600
2017-10-22 07:16:33,598 INFO org.apache.hadoop.mapred.MapTask: kvstart = 26214396; length = 6553600
2017-10-22 07:16:33,599 INFO org.apache.hadoop.mapred.MapTask: Map output collector class = org.apache.hadoop.mapred.MapTask$MapOutputBuffer
2017-10-22 07:16:33,742 INFO org.apache.hadoop.mapred.LocalJobRunner: 
2017-10-22 07:16:33,743 INFO org.apache.hadoop.mapred.MapTask: Starting flush of map output
2017-10-22 07:16:33,743 INFO org.apache.hadoop.mapred.MapTask: Spilling map output
2017-10-22 07:16:33,743 INFO org.apache.hadoop.mapred.MapTask: bufstart = 0; bufend = 1028; bufvoid = 104857600
2017-10-22 07:16:33,743 INFO org.apache.hadoop.mapred.MapTask: kvstart = 26214396(104857584); kvend = 26213904(104855616); length = 493/6553600
2017-10-22 07:16:33,760 INFO exercise1.StopWords: the 185805
2017-10-22 07:16:33,760 INFO exercise1.StopWords: and 151989
2017-10-22 07:16:33,760 INFO exercise1.StopWords: of 99513
2017-10-22 07:16:33,760 INFO exercise1.StopWords: to 93324
2017-10-22 07:16:33,760 INFO exercise1.StopWords: a 89702
2017-10-22 07:16:33,760 INFO exercise1.StopWords: i 72242
2017-10-22 07:16:33,760 INFO exercise1.StopWords: in 60418
2017-10-22 07:16:33,760 INFO exercise1.StopWords: it 59911
2017-10-22 07:16:33,760 INFO exercise1.StopWords: that 53414
2017-10-22 07:16:33,760 INFO exercise1.StopWords: was 42028
2017-10-22 07:16:33,761 INFO org.apache.hadoop.mapred.MapTask: Finished spill 0
2017-10-22 07:16:33,763 INFO org.apache.hadoop.mapred.Task: Task:attempt_local213868972_0002_m_000000_0 is done. And is in the process of committing
2017-10-22 07:16:33,765 INFO org.apache.hadoop.mapred.LocalJobRunner: map
2017-10-22 07:16:33,766 INFO org.apache.hadoop.mapred.Task: Task 'attempt_local213868972_0002_m_000000_0' done.
2017-10-22 07:16:33,766 INFO org.apache.hadoop.mapred.LocalJobRunner: Finishing task: attempt_local213868972_0002_m_000000_0
2017-10-22 07:16:33,766 INFO org.apache.hadoop.mapred.LocalJobRunner: map task executor complete.
2017-10-22 07:16:33,767 INFO org.apache.hadoop.mapred.LocalJobRunner: Waiting for reduce tasks
2017-10-22 07:16:33,770 INFO org.apache.hadoop.mapred.LocalJobRunner: Starting task: attempt_local213868972_0002_r_000000_0
2017-10-22 07:16:33,773 INFO org.apache.hadoop.mapreduce.lib.output.FileOutputCommitter: File Output Committer Algorithm version is 1
2017-10-22 07:16:33,773 INFO org.apache.hadoop.mapreduce.lib.output.FileOutputCommitter: FileOutputCommitter skip cleanup _temporary folders under output directory:false, ignore cleanup failures: false
2017-10-22 07:16:33,774 INFO org.apache.hadoop.mapred.Task:  Using ResourceCalculatorProcessTree : [ ]
2017-10-22 07:16:33,775 INFO org.apache.hadoop.mapred.ReduceTask: Using ShuffleConsumerPlugin: org.apache.hadoop.mapreduce.task.reduce.Shuffle@4c0dfaf6
2017-10-22 07:16:33,776 INFO org.apache.hadoop.mapreduce.task.reduce.MergeManagerImpl: MergerManager: memoryLimit=1284138624, maxSingleShuffleLimit=321034656, mergeThreshold=847531520, ioSortFactor=10, memToMemMergeOutputsThreshold=10
2017-10-22 07:16:33,778 INFO org.apache.hadoop.mapreduce.task.reduce.EventFetcher: attempt_local213868972_0002_r_000000_0 Thread started: EventFetcher for fetching Map Completion Events
2017-10-22 07:16:33,780 INFO org.apache.hadoop.mapreduce.task.reduce.LocalFetcher: localfetcher#2 about to shuffle output of map attempt_local213868972_0002_m_000000_0 decomp: 1278 len: 1282 to MEMORY
2017-10-22 07:16:33,781 INFO org.apache.hadoop.mapreduce.task.reduce.InMemoryMapOutput: Read 1278 bytes from map-output for attempt_local213868972_0002_m_000000_0
2017-10-22 07:16:33,782 INFO org.apache.hadoop.mapreduce.task.reduce.MergeManagerImpl: closeInMemoryFile -> map-output of size: 1278, inMemoryMapOutputs.size() -> 1, commitMemory -> 0, usedMemory ->1278
2017-10-22 07:16:33,783 INFO org.apache.hadoop.mapreduce.task.reduce.EventFetcher: EventFetcher is interrupted.. Returning
2017-10-22 07:16:33,783 INFO org.apache.hadoop.mapred.LocalJobRunner: 1 / 1 copied.
2017-10-22 07:16:33,783 INFO org.apache.hadoop.mapreduce.task.reduce.MergeManagerImpl: finalMerge called with 1 in-memory map-outputs and 0 on-disk map-outputs
2017-10-22 07:16:33,784 INFO org.apache.hadoop.mapred.Merger: Merging 1 sorted segments
2017-10-22 07:16:33,785 INFO org.apache.hadoop.mapred.Merger: Down to the last merge-pass, with 1 segments left of total size: 1272 bytes
2017-10-22 07:16:33,788 INFO org.apache.hadoop.mapreduce.task.reduce.MergeManagerImpl: Merged 1 segments, 1278 bytes to disk to satisfy reduce memory limit
2017-10-22 07:16:33,788 INFO org.apache.hadoop.mapreduce.task.reduce.MergeManagerImpl: Merging 1 files, 1282 bytes from disk
2017-10-22 07:16:33,789 INFO org.apache.hadoop.mapreduce.task.reduce.MergeManagerImpl: Merging 0 segments, 0 bytes from memory into reduce
2017-10-22 07:16:33,789 INFO org.apache.hadoop.mapred.Merger: Merging 1 sorted segments
2017-10-22 07:16:33,789 INFO org.apache.hadoop.mapred.Merger: Down to the last merge-pass, with 1 segments left of total size: 1272 bytes
2017-10-22 07:16:33,789 INFO org.apache.hadoop.mapred.LocalJobRunner: 1 / 1 copied.
2017-10-22 07:16:33,802 INFO exercise1.StopWords: the 185805
2017-10-22 07:16:33,802 INFO exercise1.StopWords: and 151989
2017-10-22 07:16:33,802 INFO exercise1.StopWords: of 99513
2017-10-22 07:16:33,802 INFO exercise1.StopWords: to 93324
2017-10-22 07:16:33,802 INFO exercise1.StopWords: a 89702
2017-10-22 07:16:33,802 INFO exercise1.StopWords: i 72242
2017-10-22 07:16:33,802 INFO exercise1.StopWords: in 60418
2017-10-22 07:16:33,802 INFO exercise1.StopWords: it 59911
2017-10-22 07:16:33,802 INFO exercise1.StopWords: that 53414
2017-10-22 07:16:33,803 INFO exercise1.StopWords: was 42028
2017-10-22 07:16:33,803 INFO org.apache.hadoop.mapred.Task: Task:attempt_local213868972_0002_r_000000_0 is done. And is in the process of committing
2017-10-22 07:16:33,804 INFO org.apache.hadoop.mapred.LocalJobRunner: 1 / 1 copied.
2017-10-22 07:16:33,804 INFO org.apache.hadoop.mapred.Task: Task attempt_local213868972_0002_r_000000_0 is allowed to commit now
2017-10-22 07:16:33,805 INFO org.apache.hadoop.mapreduce.lib.output.FileOutputCommitter: Saved output of task 'attempt_local213868972_0002_r_000000_0' to file:/home/cloudera/workspace/CS562Assignment1/results/_temporary/0/task_local213868972_0002_r_000000
2017-10-22 07:16:33,805 INFO org.apache.hadoop.mapred.LocalJobRunner: reduce > reduce
2017-10-22 07:16:33,806 INFO org.apache.hadoop.mapred.Task: Task 'attempt_local213868972_0002_r_000000_0' done.
2017-10-22 07:16:33,806 INFO org.apache.hadoop.mapred.LocalJobRunner: Finishing task: attempt_local213868972_0002_r_000000_0
2017-10-22 07:16:33,809 INFO org.apache.hadoop.mapred.LocalJobRunner: reduce task executor complete.
2017-10-22 07:16:34,574 INFO org.apache.hadoop.mapreduce.Job: Job job_local213868972_0002 running in uber mode : false
2017-10-22 07:16:34,574 INFO org.apache.hadoop.mapreduce.Job:  map 100% reduce 100%
2017-10-22 07:16:34,574 INFO org.apache.hadoop.mapreduce.Job: Job job_local213868972_0002 completed successfully
2017-10-22 07:16:34,581 INFO org.apache.hadoop.mapreduce.Job: Counters: 30
	File System Counters
		FILE: Number of bytes read=49234008
		FILE: Number of bytes written=7140200
		FILE: Number of read operations=0
		FILE: Number of large read operations=0
		FILE: Number of write operations=0
	Map-Reduce Framework
		Map input records=56011
		Map output records=124
		Map output bytes=1028
		Map output materialized bytes=1282
		Input split bytes=134
		Combine input records=124
		Combine output records=124
		Reduce input groups=124
		Reduce shuffle bytes=1282
		Reduce input records=124
		Reduce output records=124
		Spilled Records=248
		Shuffled Maps =1
		Failed Shuffles=0
		Merged Map outputs=1
		GC time elapsed (ms)=0
		Total committed heap usage (bytes)=1865416704
	Shuffle Errors
		BAD_ID=0
		CONNECTION=0
		IO_ERROR=0
		WRONG_LENGTH=0
		WRONG_MAP=0
		WRONG_REDUCE=0
	File Input Format Counters 
		Bytes Read=620732
	File Output Format Counters 
		Bytes Written=1232
2017-10-22 12:39:58,971 WARN org.apache.hadoop.util.NativeCodeLoader: Unable to load native-hadoop library for your platform... using builtin-java classes where applicable
2017-10-22 12:39:59,395 INFO org.apache.hadoop.conf.Configuration.deprecation: session.id is deprecated. Instead, use dfs.metrics.session-id
2017-10-22 12:39:59,397 INFO org.apache.hadoop.metrics.jvm.JvmMetrics: Initializing JVM Metrics with processName=JobTracker, sessionId=
2017-10-22 12:39:59,548 WARN org.apache.hadoop.mapreduce.JobResourceUploader: No job jar file set.  User classes may not be found. See Job or Job#setJar(String).
2017-10-22 12:39:59,574 INFO org.apache.hadoop.mapreduce.lib.input.FileInputFormat: Total input paths to process : 7
2017-10-22 12:39:59,614 INFO org.apache.hadoop.mapreduce.JobSubmitter: number of splits:7
2017-10-22 12:39:59,772 INFO org.apache.hadoop.mapreduce.JobSubmitter: Submitting tokens for job: job_local1933793601_0001
2017-10-22 12:39:59,914 INFO org.apache.hadoop.mapreduce.Job: The url to track the job: http://localhost:8080/
2017-10-22 12:39:59,915 INFO org.apache.hadoop.mapreduce.Job: Running job: job_local1933793601_0001
2017-10-22 12:39:59,918 INFO org.apache.hadoop.mapred.LocalJobRunner: OutputCommitter set in config null
2017-10-22 12:39:59,922 INFO org.apache.hadoop.mapreduce.lib.output.FileOutputCommitter: File Output Committer Algorithm version is 1
2017-10-22 12:39:59,923 INFO org.apache.hadoop.mapreduce.lib.output.FileOutputCommitter: FileOutputCommitter skip cleanup _temporary folders under output directory:false, ignore cleanup failures: false
2017-10-22 12:39:59,923 INFO org.apache.hadoop.mapred.LocalJobRunner: OutputCommitter is org.apache.hadoop.mapreduce.lib.output.FileOutputCommitter
2017-10-22 12:39:59,968 INFO org.apache.hadoop.mapred.LocalJobRunner: Waiting for map tasks
2017-10-22 12:39:59,968 INFO org.apache.hadoop.mapred.LocalJobRunner: Starting task: attempt_local1933793601_0001_m_000000_0
2017-10-22 12:39:59,998 INFO org.apache.hadoop.mapreduce.lib.output.FileOutputCommitter: File Output Committer Algorithm version is 1
2017-10-22 12:39:59,998 INFO org.apache.hadoop.mapreduce.lib.output.FileOutputCommitter: FileOutputCommitter skip cleanup _temporary folders under output directory:false, ignore cleanup failures: false
2017-10-22 12:40:00,007 INFO org.apache.hadoop.mapred.Task:  Using ResourceCalculatorProcessTree : [ ]
2017-10-22 12:40:00,010 INFO org.apache.hadoop.mapred.MapTask: Processing split: file:/home/cloudera/workspace/CS562Assignment1/files/pg3200.txt:0+15711661
2017-10-22 12:40:00,058 INFO org.apache.hadoop.mapred.MapTask: (EQUATOR) 0 kvi 26214396(104857584)
2017-10-22 12:40:00,059 INFO org.apache.hadoop.mapred.MapTask: mapreduce.task.io.sort.mb: 100
2017-10-22 12:40:00,059 INFO org.apache.hadoop.mapred.MapTask: soft limit at 83886080
2017-10-22 12:40:00,059 INFO org.apache.hadoop.mapred.MapTask: bufstart = 0; bufvoid = 104857600
2017-10-22 12:40:00,059 INFO org.apache.hadoop.mapred.MapTask: kvstart = 26214396; length = 6553600
2017-10-22 12:40:00,067 INFO org.apache.hadoop.mapred.MapTask: Map output collector class = org.apache.hadoop.mapred.MapTask$MapOutputBuffer
2017-10-22 12:40:00,922 INFO org.apache.hadoop.mapreduce.Job: Job job_local1933793601_0001 running in uber mode : false
2017-10-22 12:40:00,924 INFO org.apache.hadoop.mapreduce.Job:  map 0% reduce 0%
2017-10-22 12:40:03,832 INFO org.apache.hadoop.mapred.LocalJobRunner: 
2017-10-22 12:40:03,832 INFO org.apache.hadoop.mapred.MapTask: Starting flush of map output
2017-10-22 12:40:03,832 INFO org.apache.hadoop.mapred.MapTask: Spilling map output
2017-10-22 12:40:03,832 INFO org.apache.hadoop.mapred.MapTask: bufstart = 0; bufend = 22724611; bufvoid = 104857600
2017-10-22 12:40:03,832 INFO org.apache.hadoop.mapred.MapTask: kvstart = 26214396(104857584); kvend = 21155780(84623120); length = 5058617/6553600
2017-10-22 12:40:05,861 INFO org.apache.hadoop.mapred.MapTask: Finished spill 0
2017-10-22 12:40:05,864 INFO org.apache.hadoop.mapred.Task: Task:attempt_local1933793601_0001_m_000000_0 is done. And is in the process of committing
2017-10-22 12:40:05,872 INFO org.apache.hadoop.mapred.LocalJobRunner: map
2017-10-22 12:40:05,872 INFO org.apache.hadoop.mapred.Task: Task 'attempt_local1933793601_0001_m_000000_0' done.
2017-10-22 12:40:05,873 INFO org.apache.hadoop.mapred.LocalJobRunner: Finishing task: attempt_local1933793601_0001_m_000000_0
2017-10-22 12:40:05,873 INFO org.apache.hadoop.mapred.LocalJobRunner: Starting task: attempt_local1933793601_0001_m_000001_0
2017-10-22 12:40:05,874 INFO org.apache.hadoop.mapreduce.lib.output.FileOutputCommitter: File Output Committer Algorithm version is 1
2017-10-22 12:40:05,874 INFO org.apache.hadoop.mapreduce.lib.output.FileOutputCommitter: FileOutputCommitter skip cleanup _temporary folders under output directory:false, ignore cleanup failures: false
2017-10-22 12:40:05,874 INFO org.apache.hadoop.mapred.Task:  Using ResourceCalculatorProcessTree : [ ]
2017-10-22 12:40:05,875 INFO org.apache.hadoop.mapred.MapTask: Processing split: file:/home/cloudera/workspace/CS562Assignment1/files/pg100.txt:0+5465100
2017-10-22 12:40:05,886 INFO org.apache.hadoop.mapred.MapTask: (EQUATOR) 0 kvi 26214396(104857584)
2017-10-22 12:40:05,887 INFO org.apache.hadoop.mapred.MapTask: mapreduce.task.io.sort.mb: 100
2017-10-22 12:40:05,887 INFO org.apache.hadoop.mapred.MapTask: soft limit at 83886080
2017-10-22 12:40:05,887 INFO org.apache.hadoop.mapred.MapTask: bufstart = 0; bufvoid = 104857600
2017-10-22 12:40:05,887 INFO org.apache.hadoop.mapred.MapTask: kvstart = 26214396; length = 6553600
2017-10-22 12:40:05,888 INFO org.apache.hadoop.mapred.MapTask: Map output collector class = org.apache.hadoop.mapred.MapTask$MapOutputBuffer
2017-10-22 12:40:05,938 INFO org.apache.hadoop.mapreduce.Job:  map 100% reduce 0%
2017-10-22 12:40:07,178 INFO org.apache.hadoop.mapred.LocalJobRunner: 
2017-10-22 12:40:07,179 INFO org.apache.hadoop.mapred.MapTask: Starting flush of map output
2017-10-22 12:40:07,179 INFO org.apache.hadoop.mapred.MapTask: Spilling map output
2017-10-22 12:40:07,179 INFO org.apache.hadoop.mapred.MapTask: bufstart = 0; bufend = 7249491; bufvoid = 104857600
2017-10-22 12:40:07,179 INFO org.apache.hadoop.mapred.MapTask: kvstart = 26214396(104857584); kvend = 24465120(97860480); length = 1749277/6553600
2017-10-22 12:40:07,690 INFO org.apache.hadoop.mapred.MapTask: Finished spill 0
2017-10-22 12:40:07,692 INFO org.apache.hadoop.mapred.Task: Task:attempt_local1933793601_0001_m_000001_0 is done. And is in the process of committing
2017-10-22 12:40:07,694 INFO org.apache.hadoop.mapred.LocalJobRunner: map
2017-10-22 12:40:07,694 INFO org.apache.hadoop.mapred.Task: Task 'attempt_local1933793601_0001_m_000001_0' done.
2017-10-22 12:40:07,694 INFO org.apache.hadoop.mapred.LocalJobRunner: Finishing task: attempt_local1933793601_0001_m_000001_0
2017-10-22 12:40:07,694 INFO org.apache.hadoop.mapred.LocalJobRunner: Starting task: attempt_local1933793601_0001_m_000002_0
2017-10-22 12:40:07,695 INFO org.apache.hadoop.mapreduce.lib.output.FileOutputCommitter: File Output Committer Algorithm version is 1
2017-10-22 12:40:07,695 INFO org.apache.hadoop.mapreduce.lib.output.FileOutputCommitter: FileOutputCommitter skip cleanup _temporary folders under output directory:false, ignore cleanup failures: false
2017-10-22 12:40:07,696 INFO org.apache.hadoop.mapred.Task:  Using ResourceCalculatorProcessTree : [ ]
2017-10-22 12:40:07,697 INFO org.apache.hadoop.mapred.MapTask: Processing split: file:/home/cloudera/workspace/CS562Assignment1/files/pg2253.txt:0+165832
2017-10-22 12:40:07,711 INFO org.apache.hadoop.mapred.MapTask: (EQUATOR) 0 kvi 26214396(104857584)
2017-10-22 12:40:07,712 INFO org.apache.hadoop.mapred.MapTask: mapreduce.task.io.sort.mb: 100
2017-10-22 12:40:07,712 INFO org.apache.hadoop.mapred.MapTask: soft limit at 83886080
2017-10-22 12:40:07,712 INFO org.apache.hadoop.mapred.MapTask: bufstart = 0; bufvoid = 104857600
2017-10-22 12:40:07,712 INFO org.apache.hadoop.mapred.MapTask: kvstart = 26214396; length = 6553600
2017-10-22 12:40:07,713 INFO org.apache.hadoop.mapred.MapTask: Map output collector class = org.apache.hadoop.mapred.MapTask$MapOutputBuffer
2017-10-22 12:40:07,754 INFO org.apache.hadoop.mapred.LocalJobRunner: 
2017-10-22 12:40:07,754 INFO org.apache.hadoop.mapred.MapTask: Starting flush of map output
2017-10-22 12:40:07,754 INFO org.apache.hadoop.mapred.MapTask: Spilling map output
2017-10-22 12:40:07,754 INFO org.apache.hadoop.mapred.MapTask: bufstart = 0; bufend = 266537; bufvoid = 104857600
2017-10-22 12:40:07,754 INFO org.apache.hadoop.mapred.MapTask: kvstart = 26214396(104857584); kvend = 26153788(104615152); length = 60609/6553600
2017-10-22 12:40:07,778 INFO org.apache.hadoop.mapred.MapTask: Finished spill 0
2017-10-22 12:40:07,780 INFO org.apache.hadoop.mapred.Task: Task:attempt_local1933793601_0001_m_000002_0 is done. And is in the process of committing
2017-10-22 12:40:07,782 INFO org.apache.hadoop.mapred.LocalJobRunner: map
2017-10-22 12:40:07,782 INFO org.apache.hadoop.mapred.Task: Task 'attempt_local1933793601_0001_m_000002_0' done.
2017-10-22 12:40:07,782 INFO org.apache.hadoop.mapred.LocalJobRunner: Finishing task: attempt_local1933793601_0001_m_000002_0
2017-10-22 12:40:07,782 INFO org.apache.hadoop.mapred.LocalJobRunner: Starting task: attempt_local1933793601_0001_m_000003_0
2017-10-22 12:40:07,783 INFO org.apache.hadoop.mapreduce.lib.output.FileOutputCommitter: File Output Committer Algorithm version is 1
2017-10-22 12:40:07,783 INFO org.apache.hadoop.mapreduce.lib.output.FileOutputCommitter: FileOutputCommitter skip cleanup _temporary folders under output directory:false, ignore cleanup failures: false
2017-10-22 12:40:07,784 INFO org.apache.hadoop.mapred.Task:  Using ResourceCalculatorProcessTree : [ ]
2017-10-22 12:40:07,785 INFO org.apache.hadoop.mapred.MapTask: Processing split: file:/home/cloudera/workspace/CS562Assignment1/files/pg1513.txt:0+153803
2017-10-22 12:40:07,797 INFO org.apache.hadoop.mapred.MapTask: (EQUATOR) 0 kvi 26214396(104857584)
2017-10-22 12:40:07,797 INFO org.apache.hadoop.mapred.MapTask: mapreduce.task.io.sort.mb: 100
2017-10-22 12:40:07,797 INFO org.apache.hadoop.mapred.MapTask: soft limit at 83886080
2017-10-22 12:40:07,797 INFO org.apache.hadoop.mapred.MapTask: bufstart = 0; bufvoid = 104857600
2017-10-22 12:40:07,797 INFO org.apache.hadoop.mapred.MapTask: kvstart = 26214396; length = 6553600
2017-10-22 12:40:07,798 INFO org.apache.hadoop.mapred.MapTask: Map output collector class = org.apache.hadoop.mapred.MapTask$MapOutputBuffer
2017-10-22 12:40:07,852 INFO org.apache.hadoop.mapred.LocalJobRunner: 
2017-10-22 12:40:07,853 INFO org.apache.hadoop.mapred.MapTask: Starting flush of map output
2017-10-22 12:40:07,853 INFO org.apache.hadoop.mapred.MapTask: Spilling map output
2017-10-22 12:40:07,853 INFO org.apache.hadoop.mapred.MapTask: bufstart = 0; bufend = 244103; bufvoid = 104857600
2017-10-22 12:40:07,853 INFO org.apache.hadoop.mapred.MapTask: kvstart = 26214396(104857584); kvend = 26158068(104632272); length = 56329/6553600
2017-10-22 12:40:07,871 INFO org.apache.hadoop.mapred.MapTask: Finished spill 0
2017-10-22 12:40:07,873 INFO org.apache.hadoop.mapred.Task: Task:attempt_local1933793601_0001_m_000003_0 is done. And is in the process of committing
2017-10-22 12:40:07,875 INFO org.apache.hadoop.mapred.LocalJobRunner: map
2017-10-22 12:40:07,875 INFO org.apache.hadoop.mapred.Task: Task 'attempt_local1933793601_0001_m_000003_0' done.
2017-10-22 12:40:07,875 INFO org.apache.hadoop.mapred.LocalJobRunner: Finishing task: attempt_local1933793601_0001_m_000003_0
2017-10-22 12:40:07,875 INFO org.apache.hadoop.mapred.LocalJobRunner: Starting task: attempt_local1933793601_0001_m_000004_0
2017-10-22 12:40:07,877 INFO org.apache.hadoop.mapreduce.lib.output.FileOutputCommitter: File Output Committer Algorithm version is 1
2017-10-22 12:40:07,877 INFO org.apache.hadoop.mapreduce.lib.output.FileOutputCommitter: FileOutputCommitter skip cleanup _temporary folders under output directory:false, ignore cleanup failures: false
2017-10-22 12:40:07,877 INFO org.apache.hadoop.mapred.Task:  Using ResourceCalculatorProcessTree : [ ]
2017-10-22 12:40:07,879 INFO org.apache.hadoop.mapred.MapTask: Processing split: file:/home/cloudera/workspace/CS562Assignment1/files/pg1120.txt:0+138259
2017-10-22 12:40:07,891 INFO org.apache.hadoop.mapred.MapTask: (EQUATOR) 0 kvi 26214396(104857584)
2017-10-22 12:40:07,891 INFO org.apache.hadoop.mapred.MapTask: mapreduce.task.io.sort.mb: 100
2017-10-22 12:40:07,891 INFO org.apache.hadoop.mapred.MapTask: soft limit at 83886080
2017-10-22 12:40:07,891 INFO org.apache.hadoop.mapred.MapTask: bufstart = 0; bufvoid = 104857600
2017-10-22 12:40:07,891 INFO org.apache.hadoop.mapred.MapTask: kvstart = 26214396; length = 6553600
2017-10-22 12:40:07,893 INFO org.apache.hadoop.mapred.MapTask: Map output collector class = org.apache.hadoop.mapred.MapTask$MapOutputBuffer
2017-10-22 12:40:07,928 INFO org.apache.hadoop.mapred.LocalJobRunner: 
2017-10-22 12:40:07,929 INFO org.apache.hadoop.mapred.MapTask: Starting flush of map output
2017-10-22 12:40:07,929 INFO org.apache.hadoop.mapred.MapTask: Spilling map output
2017-10-22 12:40:07,929 INFO org.apache.hadoop.mapred.MapTask: bufstart = 0; bufend = 193665; bufvoid = 104857600
2017-10-22 12:40:07,929 INFO org.apache.hadoop.mapred.MapTask: kvstart = 26214396(104857584); kvend = 26170676(104682704); length = 43721/6553600
2017-10-22 12:40:07,940 INFO org.apache.hadoop.mapred.MapTask: Finished spill 0
2017-10-22 12:40:07,941 INFO org.apache.hadoop.mapreduce.Job:  map 57% reduce 0%
2017-10-22 12:40:07,943 INFO org.apache.hadoop.mapred.Task: Task:attempt_local1933793601_0001_m_000004_0 is done. And is in the process of committing
2017-10-22 12:40:07,944 INFO org.apache.hadoop.mapred.LocalJobRunner: map
2017-10-22 12:40:07,944 INFO org.apache.hadoop.mapred.Task: Task 'attempt_local1933793601_0001_m_000004_0' done.
2017-10-22 12:40:07,944 INFO org.apache.hadoop.mapred.LocalJobRunner: Finishing task: attempt_local1933793601_0001_m_000004_0
2017-10-22 12:40:07,944 INFO org.apache.hadoop.mapred.LocalJobRunner: Starting task: attempt_local1933793601_0001_m_000005_0
2017-10-22 12:40:07,945 INFO org.apache.hadoop.mapreduce.lib.output.FileOutputCommitter: File Output Committer Algorithm version is 1
2017-10-22 12:40:07,946 INFO org.apache.hadoop.mapreduce.lib.output.FileOutputCommitter: FileOutputCommitter skip cleanup _temporary folders under output directory:false, ignore cleanup failures: false
2017-10-22 12:40:07,946 INFO org.apache.hadoop.mapred.Task:  Using ResourceCalculatorProcessTree : [ ]
2017-10-22 12:40:07,947 INFO org.apache.hadoop.mapred.MapTask: Processing split: file:/home/cloudera/workspace/CS562Assignment1/files/pg31100.txt:0+1968
2017-10-22 12:40:07,958 INFO org.apache.hadoop.mapred.MapTask: (EQUATOR) 0 kvi 26214396(104857584)
2017-10-22 12:40:07,958 INFO org.apache.hadoop.mapred.MapTask: mapreduce.task.io.sort.mb: 100
2017-10-22 12:40:07,958 INFO org.apache.hadoop.mapred.MapTask: soft limit at 83886080
2017-10-22 12:40:07,958 INFO org.apache.hadoop.mapred.MapTask: bufstart = 0; bufvoid = 104857600
2017-10-22 12:40:07,958 INFO org.apache.hadoop.mapred.MapTask: kvstart = 26214396; length = 6553600
2017-10-22 12:40:07,959 INFO org.apache.hadoop.mapred.MapTask: Map output collector class = org.apache.hadoop.mapred.MapTask$MapOutputBuffer
2017-10-22 12:40:07,963 INFO org.apache.hadoop.mapred.LocalJobRunner: 
2017-10-22 12:40:07,963 INFO org.apache.hadoop.mapred.MapTask: Starting flush of map output
2017-10-22 12:40:07,963 INFO org.apache.hadoop.mapred.MapTask: Spilling map output
2017-10-22 12:40:07,963 INFO org.apache.hadoop.mapred.MapTask: bufstart = 0; bufend = 3156; bufvoid = 104857600
2017-10-22 12:40:07,963 INFO org.apache.hadoop.mapred.MapTask: kvstart = 26214396(104857584); kvend = 26213732(104854928); length = 665/6553600
2017-10-22 12:40:07,965 INFO org.apache.hadoop.mapred.MapTask: Finished spill 0
2017-10-22 12:40:07,967 INFO org.apache.hadoop.mapred.Task: Task:attempt_local1933793601_0001_m_000005_0 is done. And is in the process of committing
2017-10-22 12:40:07,969 INFO org.apache.hadoop.mapred.LocalJobRunner: map
2017-10-22 12:40:07,969 INFO org.apache.hadoop.mapred.Task: Task 'attempt_local1933793601_0001_m_000005_0' done.
2017-10-22 12:40:07,969 INFO org.apache.hadoop.mapred.LocalJobRunner: Finishing task: attempt_local1933793601_0001_m_000005_0
2017-10-22 12:40:07,969 INFO org.apache.hadoop.mapred.LocalJobRunner: Starting task: attempt_local1933793601_0001_m_000006_0
2017-10-22 12:40:07,971 INFO org.apache.hadoop.mapreduce.lib.output.FileOutputCommitter: File Output Committer Algorithm version is 1
2017-10-22 12:40:07,971 INFO org.apache.hadoop.mapreduce.lib.output.FileOutputCommitter: FileOutputCommitter skip cleanup _temporary folders under output directory:false, ignore cleanup failures: false
2017-10-22 12:40:07,971 INFO org.apache.hadoop.mapred.Task:  Using ResourceCalculatorProcessTree : [ ]
2017-10-22 12:40:07,972 INFO org.apache.hadoop.mapred.MapTask: Processing split: file:/home/cloudera/workspace/CS562Assignment1/files/new file (copy)~:0+0
2017-10-22 12:40:07,986 INFO org.apache.hadoop.mapred.MapTask: (EQUATOR) 0 kvi 26214396(104857584)
2017-10-22 12:40:07,986 INFO org.apache.hadoop.mapred.MapTask: mapreduce.task.io.sort.mb: 100
2017-10-22 12:40:07,986 INFO org.apache.hadoop.mapred.MapTask: soft limit at 83886080
2017-10-22 12:40:07,986 INFO org.apache.hadoop.mapred.MapTask: bufstart = 0; bufvoid = 104857600
2017-10-22 12:40:07,986 INFO org.apache.hadoop.mapred.MapTask: kvstart = 26214396; length = 6553600
2017-10-22 12:40:07,987 INFO org.apache.hadoop.mapred.MapTask: Map output collector class = org.apache.hadoop.mapred.MapTask$MapOutputBuffer
2017-10-22 12:40:07,992 INFO org.apache.hadoop.mapred.LocalJobRunner: 
2017-10-22 12:40:07,993 INFO org.apache.hadoop.mapred.MapTask: Starting flush of map output
2017-10-22 12:40:07,995 INFO org.apache.hadoop.mapred.Task: Task:attempt_local1933793601_0001_m_000006_0 is done. And is in the process of committing
2017-10-22 12:40:07,997 INFO org.apache.hadoop.mapred.LocalJobRunner: map
2017-10-22 12:40:07,997 INFO org.apache.hadoop.mapred.Task: Task 'attempt_local1933793601_0001_m_000006_0' done.
2017-10-22 12:40:07,997 INFO org.apache.hadoop.mapred.LocalJobRunner: Finishing task: attempt_local1933793601_0001_m_000006_0
2017-10-22 12:40:07,997 INFO org.apache.hadoop.mapred.LocalJobRunner: map task executor complete.
2017-10-22 12:40:08,000 INFO org.apache.hadoop.mapred.LocalJobRunner: Waiting for reduce tasks
2017-10-22 12:40:08,000 INFO org.apache.hadoop.mapred.LocalJobRunner: Starting task: attempt_local1933793601_0001_r_000000_0
2017-10-22 12:40:08,006 INFO org.apache.hadoop.mapreduce.lib.output.FileOutputCommitter: File Output Committer Algorithm version is 1
2017-10-22 12:40:08,006 INFO org.apache.hadoop.mapreduce.lib.output.FileOutputCommitter: FileOutputCommitter skip cleanup _temporary folders under output directory:false, ignore cleanup failures: false
2017-10-22 12:40:08,007 INFO org.apache.hadoop.mapred.Task:  Using ResourceCalculatorProcessTree : [ ]
2017-10-22 12:40:08,009 INFO org.apache.hadoop.mapred.ReduceTask: Using ShuffleConsumerPlugin: org.apache.hadoop.mapreduce.task.reduce.Shuffle@79f48a5b
2017-10-22 12:40:08,020 INFO org.apache.hadoop.mapreduce.task.reduce.MergeManagerImpl: MergerManager: memoryLimit=1284138624, maxSingleShuffleLimit=321034656, mergeThreshold=847531520, ioSortFactor=10, memToMemMergeOutputsThreshold=10
2017-10-22 12:40:08,023 INFO org.apache.hadoop.mapreduce.task.reduce.EventFetcher: attempt_local1933793601_0001_r_000000_0 Thread started: EventFetcher for fetching Map Completion Events
2017-10-22 12:40:08,050 INFO org.apache.hadoop.mapreduce.task.reduce.LocalFetcher: localfetcher#1 about to shuffle output of map attempt_local1933793601_0001_m_000002_0 decomp: 130878 len: 130882 to MEMORY
2017-10-22 12:40:08,053 INFO org.apache.hadoop.mapreduce.task.reduce.InMemoryMapOutput: Read 130878 bytes from map-output for attempt_local1933793601_0001_m_000002_0
2017-10-22 12:40:08,054 INFO org.apache.hadoop.mapreduce.task.reduce.MergeManagerImpl: closeInMemoryFile -> map-output of size: 130878, inMemoryMapOutputs.size() -> 1, commitMemory -> 0, usedMemory ->130878
2017-10-22 12:40:08,056 INFO org.apache.hadoop.mapreduce.task.reduce.LocalFetcher: localfetcher#1 about to shuffle output of map attempt_local1933793601_0001_m_000005_0 decomp: 2527 len: 2531 to MEMORY
2017-10-22 12:40:08,057 INFO org.apache.hadoop.mapreduce.task.reduce.InMemoryMapOutput: Read 2527 bytes from map-output for attempt_local1933793601_0001_m_000005_0
2017-10-22 12:40:08,057 INFO org.apache.hadoop.mapreduce.task.reduce.MergeManagerImpl: closeInMemoryFile -> map-output of size: 2527, inMemoryMapOutputs.size() -> 2, commitMemory -> 130878, usedMemory ->133405
2017-10-22 12:40:08,058 INFO org.apache.hadoop.mapreduce.task.reduce.LocalFetcher: localfetcher#1 about to shuffle output of map attempt_local1933793601_0001_m_000001_0 decomp: 600634 len: 600638 to MEMORY
2017-10-22 12:40:08,060 INFO org.apache.hadoop.mapreduce.task.reduce.InMemoryMapOutput: Read 600634 bytes from map-output for attempt_local1933793601_0001_m_000001_0
2017-10-22 12:40:08,060 INFO org.apache.hadoop.mapreduce.task.reduce.MergeManagerImpl: closeInMemoryFile -> map-output of size: 600634, inMemoryMapOutputs.size() -> 3, commitMemory -> 133405, usedMemory ->734039
2017-10-22 12:40:08,061 INFO org.apache.hadoop.mapreduce.task.reduce.LocalFetcher: localfetcher#1 about to shuffle output of map attempt_local1933793601_0001_m_000004_0 decomp: 75474 len: 75478 to MEMORY
2017-10-22 12:40:08,062 INFO org.apache.hadoop.mapreduce.task.reduce.InMemoryMapOutput: Read 75474 bytes from map-output for attempt_local1933793601_0001_m_000004_0
2017-10-22 12:40:08,062 INFO org.apache.hadoop.mapreduce.task.reduce.MergeManagerImpl: closeInMemoryFile -> map-output of size: 75474, inMemoryMapOutputs.size() -> 4, commitMemory -> 734039, usedMemory ->809513
2017-10-22 12:40:08,063 INFO org.apache.hadoop.mapreduce.task.reduce.LocalFetcher: localfetcher#1 about to shuffle output of map attempt_local1933793601_0001_m_000000_0 decomp: 1241560 len: 1241564 to MEMORY
2017-10-22 12:40:08,066 INFO org.apache.hadoop.mapreduce.task.reduce.InMemoryMapOutput: Read 1241560 bytes from map-output for attempt_local1933793601_0001_m_000000_0
2017-10-22 12:40:08,066 INFO org.apache.hadoop.mapreduce.task.reduce.MergeManagerImpl: closeInMemoryFile -> map-output of size: 1241560, inMemoryMapOutputs.size() -> 5, commitMemory -> 809513, usedMemory ->2051073
2017-10-22 12:40:08,067 INFO org.apache.hadoop.mapreduce.task.reduce.LocalFetcher: localfetcher#1 about to shuffle output of map attempt_local1933793601_0001_m_000003_0 decomp: 96414 len: 96418 to MEMORY
2017-10-22 12:40:08,068 INFO org.apache.hadoop.mapreduce.task.reduce.InMemoryMapOutput: Read 96414 bytes from map-output for attempt_local1933793601_0001_m_000003_0
2017-10-22 12:40:08,068 INFO org.apache.hadoop.mapreduce.task.reduce.MergeManagerImpl: closeInMemoryFile -> map-output of size: 96414, inMemoryMapOutputs.size() -> 6, commitMemory -> 2051073, usedMemory ->2147487
2017-10-22 12:40:08,069 INFO org.apache.hadoop.mapreduce.task.reduce.LocalFetcher: localfetcher#1 about to shuffle output of map attempt_local1933793601_0001_m_000006_0 decomp: 2 len: 6 to MEMORY
2017-10-22 12:40:08,069 INFO org.apache.hadoop.mapreduce.task.reduce.InMemoryMapOutput: Read 2 bytes from map-output for attempt_local1933793601_0001_m_000006_0
2017-10-22 12:40:08,069 INFO org.apache.hadoop.mapreduce.task.reduce.MergeManagerImpl: closeInMemoryFile -> map-output of size: 2, inMemoryMapOutputs.size() -> 7, commitMemory -> 2147487, usedMemory ->2147489
2017-10-22 12:40:08,070 INFO org.apache.hadoop.mapreduce.task.reduce.EventFetcher: EventFetcher is interrupted.. Returning
2017-10-22 12:40:08,071 INFO org.apache.hadoop.mapred.LocalJobRunner: 7 / 7 copied.
2017-10-22 12:40:08,071 INFO org.apache.hadoop.mapreduce.task.reduce.MergeManagerImpl: finalMerge called with 7 in-memory map-outputs and 0 on-disk map-outputs
2017-10-22 12:40:08,076 INFO org.apache.hadoop.mapred.Merger: Merging 7 sorted segments
2017-10-22 12:40:08,076 INFO org.apache.hadoop.mapred.Merger: Down to the last merge-pass, with 6 segments left of total size: 2147456 bytes
2017-10-22 12:40:08,193 INFO org.apache.hadoop.mapreduce.task.reduce.MergeManagerImpl: Merged 7 segments, 2147489 bytes to disk to satisfy reduce memory limit
2017-10-22 12:40:08,194 INFO org.apache.hadoop.mapreduce.task.reduce.MergeManagerImpl: Merging 1 files, 2147481 bytes from disk
2017-10-22 12:40:08,194 INFO org.apache.hadoop.mapreduce.task.reduce.MergeManagerImpl: Merging 0 segments, 0 bytes from memory into reduce
2017-10-22 12:40:08,194 INFO org.apache.hadoop.mapred.Merger: Merging 1 sorted segments
2017-10-22 12:40:08,195 INFO org.apache.hadoop.mapred.Merger: Down to the last merge-pass, with 1 segments left of total size: 2147473 bytes
2017-10-22 12:40:08,195 INFO org.apache.hadoop.mapred.LocalJobRunner: 7 / 7 copied.
2017-10-22 12:40:08,206 INFO org.apache.hadoop.conf.Configuration.deprecation: mapred.skip.on is deprecated. Instead, use mapreduce.job.skiprecords
2017-10-22 12:40:08,416 INFO org.apache.hadoop.mapred.Task: Task:attempt_local1933793601_0001_r_000000_0 is done. And is in the process of committing
2017-10-22 12:40:08,418 INFO org.apache.hadoop.mapred.LocalJobRunner: 7 / 7 copied.
2017-10-22 12:40:08,418 INFO org.apache.hadoop.mapred.Task: Task attempt_local1933793601_0001_r_000000_0 is allowed to commit now
2017-10-22 12:40:08,419 INFO org.apache.hadoop.mapreduce.lib.output.FileOutputCommitter: Saved output of task 'attempt_local1933793601_0001_r_000000_0' to file:/home/cloudera/workspace/CS562Assignment1/ex3intermidiate/_temporary/0/task_local1933793601_0001_r_000000
2017-10-22 12:40:08,420 INFO org.apache.hadoop.mapred.LocalJobRunner: reduce > reduce
2017-10-22 12:40:08,420 INFO org.apache.hadoop.mapred.Task: Task 'attempt_local1933793601_0001_r_000000_0' done.
2017-10-22 12:40:08,420 INFO org.apache.hadoop.mapred.LocalJobRunner: Finishing task: attempt_local1933793601_0001_r_000000_0
2017-10-22 12:40:08,421 INFO org.apache.hadoop.mapred.LocalJobRunner: reduce task executor complete.
2017-10-22 12:40:08,943 INFO org.apache.hadoop.mapreduce.Job:  map 100% reduce 100%
2017-10-22 12:40:08,944 INFO org.apache.hadoop.mapreduce.Job: Job job_local1933793601_0001 completed successfully
2017-10-22 12:40:08,968 INFO org.apache.hadoop.mapreduce.Job: Counters: 30
	File System Counters
		FILE: Number of bytes read=170624112
		FILE: Number of bytes written=22024837
		FILE: Number of read operations=0
		FILE: Number of large read operations=0
		FILE: Number of write operations=0
	Map-Reduce Framework
		Map input records=440484
		Map output records=1742309
		Map output bytes=30681563
		Map output materialized bytes=2147517
		Input split bytes=902
		Combine input records=1742309
		Combine output records=81551
		Reduce input groups=55887
		Reduce shuffle bytes=2147517
		Reduce input records=81551
		Reduce output records=55887
		Spilled Records=163102
		Shuffled Maps =7
		Failed Shuffles=0
		Merged Map outputs=7
		GC time elapsed (ms)=204
		Total committed heap usage (bytes)=7357857792
	Shuffle Errors
		BAD_ID=0
		CONNECTION=0
		IO_ERROR=0
		WRONG_LENGTH=0
		WRONG_MAP=0
		WRONG_REDUCE=0
	File Input Format Counters 
		Bytes Read=21636623
	File Output Format Counters 
		Bytes Written=1775863
2017-10-22 12:40:08,974 INFO org.apache.hadoop.metrics.jvm.JvmMetrics: Cannot initialize JVM Metrics with processName=JobTracker, sessionId= - already initialized
2017-10-22 12:40:08,983 WARN org.apache.hadoop.mapreduce.JobResourceUploader: No job jar file set.  User classes may not be found. See Job or Job#setJar(String).
2017-10-22 12:40:08,984 INFO org.apache.hadoop.mapreduce.lib.input.FileInputFormat: Total input paths to process : 1
2017-10-22 12:40:09,009 INFO org.apache.hadoop.mapreduce.JobSubmitter: number of splits:1
2017-10-22 12:40:09,036 INFO org.apache.hadoop.mapreduce.JobSubmitter: Submitting tokens for job: job_local726002969_0002
2017-10-22 12:40:09,120 INFO org.apache.hadoop.mapreduce.Job: The url to track the job: http://localhost:8080/
2017-10-22 12:40:09,124 INFO org.apache.hadoop.mapreduce.Job: Running job: job_local726002969_0002
2017-10-22 12:40:09,125 INFO org.apache.hadoop.mapred.LocalJobRunner: OutputCommitter set in config null
2017-10-22 12:40:09,127 INFO org.apache.hadoop.mapreduce.lib.output.FileOutputCommitter: File Output Committer Algorithm version is 1
2017-10-22 12:40:09,127 INFO org.apache.hadoop.mapreduce.lib.output.FileOutputCommitter: FileOutputCommitter skip cleanup _temporary folders under output directory:false, ignore cleanup failures: false
2017-10-22 12:40:09,127 INFO org.apache.hadoop.mapred.LocalJobRunner: OutputCommitter is org.apache.hadoop.mapreduce.lib.output.FileOutputCommitter
2017-10-22 12:40:09,130 INFO org.apache.hadoop.mapred.LocalJobRunner: Waiting for map tasks
2017-10-22 12:40:09,130 INFO org.apache.hadoop.mapred.LocalJobRunner: Starting task: attempt_local726002969_0002_m_000000_0
2017-10-22 12:40:09,132 INFO org.apache.hadoop.mapreduce.lib.output.FileOutputCommitter: File Output Committer Algorithm version is 1
2017-10-22 12:40:09,132 INFO org.apache.hadoop.mapreduce.lib.output.FileOutputCommitter: FileOutputCommitter skip cleanup _temporary folders under output directory:false, ignore cleanup failures: false
2017-10-22 12:40:09,132 INFO org.apache.hadoop.mapred.Task:  Using ResourceCalculatorProcessTree : [ ]
2017-10-22 12:40:09,134 INFO org.apache.hadoop.mapred.MapTask: Processing split: file:/home/cloudera/workspace/CS562Assignment1/ex3intermidiate/part-r-00000:0+1762087
2017-10-22 12:40:09,150 INFO org.apache.hadoop.mapred.MapTask: (EQUATOR) 0 kvi 26214396(104857584)
2017-10-22 12:40:09,150 INFO org.apache.hadoop.mapred.MapTask: mapreduce.task.io.sort.mb: 100
2017-10-22 12:40:09,151 INFO org.apache.hadoop.mapred.MapTask: soft limit at 83886080
2017-10-22 12:40:09,151 INFO org.apache.hadoop.mapred.MapTask: bufstart = 0; bufvoid = 104857600
2017-10-22 12:40:09,151 INFO org.apache.hadoop.mapred.MapTask: kvstart = 26214396; length = 6553600
2017-10-22 12:40:09,152 INFO org.apache.hadoop.mapred.MapTask: Map output collector class = org.apache.hadoop.mapred.MapTask$MapOutputBuffer
2017-10-22 12:40:09,480 INFO org.apache.hadoop.mapred.LocalJobRunner: 
2017-10-22 12:40:09,480 INFO org.apache.hadoop.mapred.MapTask: Starting flush of map output
2017-10-22 12:40:09,480 INFO org.apache.hadoop.mapred.MapTask: Spilling map output
2017-10-22 12:40:09,480 INFO org.apache.hadoop.mapred.MapTask: bufstart = 0; bufend = 2086303; bufvoid = 104857600
2017-10-22 12:40:09,480 INFO org.apache.hadoop.mapred.MapTask: kvstart = 26214396(104857584); kvend = 25990852(103963408); length = 223545/6553600
2017-10-22 12:40:09,579 INFO org.apache.hadoop.mapred.MapTask: Finished spill 0
2017-10-22 12:40:09,585 INFO org.apache.hadoop.mapred.Task: Task:attempt_local726002969_0002_m_000000_0 is done. And is in the process of committing
2017-10-22 12:40:09,587 INFO org.apache.hadoop.mapred.LocalJobRunner: map
2017-10-22 12:40:09,587 INFO org.apache.hadoop.mapred.Task: Task 'attempt_local726002969_0002_m_000000_0' done.
2017-10-22 12:40:09,587 INFO org.apache.hadoop.mapred.LocalJobRunner: Finishing task: attempt_local726002969_0002_m_000000_0
2017-10-22 12:40:09,587 INFO org.apache.hadoop.mapred.LocalJobRunner: map task executor complete.
2017-10-22 12:40:09,588 INFO org.apache.hadoop.mapred.LocalJobRunner: Waiting for reduce tasks
2017-10-22 12:40:09,588 INFO org.apache.hadoop.mapred.LocalJobRunner: Starting task: attempt_local726002969_0002_r_000000_0
2017-10-22 12:40:09,590 INFO org.apache.hadoop.mapreduce.lib.output.FileOutputCommitter: File Output Committer Algorithm version is 1
2017-10-22 12:40:09,591 INFO org.apache.hadoop.mapreduce.lib.output.FileOutputCommitter: FileOutputCommitter skip cleanup _temporary folders under output directory:false, ignore cleanup failures: false
2017-10-22 12:40:09,591 INFO org.apache.hadoop.mapred.Task:  Using ResourceCalculatorProcessTree : [ ]
2017-10-22 12:40:09,591 INFO org.apache.hadoop.mapred.ReduceTask: Using ShuffleConsumerPlugin: org.apache.hadoop.mapreduce.task.reduce.Shuffle@7d951e37
2017-10-22 12:40:09,592 INFO org.apache.hadoop.mapreduce.task.reduce.MergeManagerImpl: MergerManager: memoryLimit=1284138624, maxSingleShuffleLimit=321034656, mergeThreshold=847531520, ioSortFactor=10, memToMemMergeOutputsThreshold=10
2017-10-22 12:40:09,593 INFO org.apache.hadoop.mapreduce.task.reduce.EventFetcher: attempt_local726002969_0002_r_000000_0 Thread started: EventFetcher for fetching Map Completion Events
2017-10-22 12:40:09,596 INFO org.apache.hadoop.mapreduce.task.reduce.LocalFetcher: localfetcher#2 about to shuffle output of map attempt_local726002969_0002_m_000000_0 decomp: 2198079 len: 2198083 to MEMORY
2017-10-22 12:40:09,601 INFO org.apache.hadoop.mapreduce.task.reduce.InMemoryMapOutput: Read 2198079 bytes from map-output for attempt_local726002969_0002_m_000000_0
2017-10-22 12:40:09,601 INFO org.apache.hadoop.mapreduce.task.reduce.MergeManagerImpl: closeInMemoryFile -> map-output of size: 2198079, inMemoryMapOutputs.size() -> 1, commitMemory -> 0, usedMemory ->2198079
2017-10-22 12:40:09,602 INFO org.apache.hadoop.mapreduce.task.reduce.EventFetcher: EventFetcher is interrupted.. Returning
2017-10-22 12:40:09,603 INFO org.apache.hadoop.mapred.LocalJobRunner: 1 / 1 copied.
2017-10-22 12:40:09,603 INFO org.apache.hadoop.mapreduce.task.reduce.MergeManagerImpl: finalMerge called with 1 in-memory map-outputs and 0 on-disk map-outputs
2017-10-22 12:40:09,605 INFO org.apache.hadoop.mapred.Merger: Merging 1 sorted segments
2017-10-22 12:40:09,605 INFO org.apache.hadoop.mapred.Merger: Down to the last merge-pass, with 1 segments left of total size: 2198075 bytes
2017-10-22 12:40:09,645 INFO org.apache.hadoop.mapreduce.task.reduce.MergeManagerImpl: Merged 1 segments, 2198079 bytes to disk to satisfy reduce memory limit
2017-10-22 12:40:09,646 INFO org.apache.hadoop.mapreduce.task.reduce.MergeManagerImpl: Merging 1 files, 2198083 bytes from disk
2017-10-22 12:40:09,646 INFO org.apache.hadoop.mapreduce.task.reduce.MergeManagerImpl: Merging 0 segments, 0 bytes from memory into reduce
2017-10-22 12:40:09,646 INFO org.apache.hadoop.mapred.Merger: Merging 1 sorted segments
2017-10-22 12:40:09,646 INFO org.apache.hadoop.mapred.Merger: Down to the last merge-pass, with 1 segments left of total size: 2198075 bytes
2017-10-22 12:40:09,647 INFO org.apache.hadoop.mapred.LocalJobRunner: 1 / 1 copied.
2017-10-22 12:40:09,752 INFO org.apache.hadoop.mapred.Task: Task:attempt_local726002969_0002_r_000000_0 is done. And is in the process of committing
2017-10-22 12:40:09,753 INFO org.apache.hadoop.mapred.LocalJobRunner: 1 / 1 copied.
2017-10-22 12:40:09,754 INFO org.apache.hadoop.mapred.Task: Task attempt_local726002969_0002_r_000000_0 is allowed to commit now
2017-10-22 12:40:09,754 INFO org.apache.hadoop.mapreduce.lib.output.FileOutputCommitter: Saved output of task 'attempt_local726002969_0002_r_000000_0' to file:/home/cloudera/workspace/CS562Assignment1/ex3final/_temporary/0/task_local726002969_0002_r_000000
2017-10-22 12:40:09,755 INFO org.apache.hadoop.mapred.LocalJobRunner: reduce > reduce
2017-10-22 12:40:09,755 INFO org.apache.hadoop.mapred.Task: Task 'attempt_local726002969_0002_r_000000_0' done.
2017-10-22 12:40:09,755 INFO org.apache.hadoop.mapred.LocalJobRunner: Finishing task: attempt_local726002969_0002_r_000000_0
2017-10-22 12:40:09,755 INFO org.apache.hadoop.mapred.LocalJobRunner: reduce task executor complete.
2017-10-22 12:40:10,127 INFO org.apache.hadoop.mapreduce.Job: Job job_local726002969_0002 running in uber mode : false
2017-10-22 12:40:10,127 INFO org.apache.hadoop.mapreduce.Job:  map 100% reduce 100%
2017-10-22 12:40:10,128 INFO org.apache.hadoop.mapreduce.Job: Job job_local726002969_0002 completed successfully
2017-10-22 12:40:10,133 INFO org.apache.hadoop.mapreduce.Job: Counters: 30
	File System Counters
		FILE: Number of bytes read=59833412
		FILE: Number of bytes written=22027588
		FILE: Number of read operations=0
		FILE: Number of large read operations=0
		FILE: Number of write operations=0
	Map-Reduce Framework
		Map input records=55887
		Map output records=55887
		Map output bytes=2086303
		Map output materialized bytes=2198083
		Input split bytes=140
		Combine input records=55887
		Combine output records=55887
		Reduce input groups=55887
		Reduce shuffle bytes=2198083
		Reduce input records=55887
		Reduce output records=55887
		Spilled Records=111774
		Shuffled Maps =1
		Failed Shuffles=0
		Merged Map outputs=1
		GC time elapsed (ms)=3
		Total committed heap usage (bytes)=1854406656
	Shuffle Errors
		BAD_ID=0
		CONNECTION=0
		IO_ERROR=0
		WRONG_LENGTH=0
		WRONG_MAP=0
		WRONG_REDUCE=0
	File Input Format Counters 
		Bytes Read=1775867
	File Output Format Counters 
		Bytes Written=2102611
